<?xml version="1.0" encoding="UTF-8"?>
<testsuite name="br.com.hortifrete.HortiFreteApplicationTests" tests="1" skipped="0" failures="0" errors="0" timestamp="2022-04-05T18:56:31" hostname="N093165.local" time="0.43">
  <properties/>
  <testcase name="contextLoads()" classname="br.com.hortifrete.HortiFreteApplicationTests" time="0.43"/>
  <system-out><![CDATA[15:56:23.426 [Test worker] DEBUG org.springframework.test.context.BootstrapUtils - Instantiating CacheAwareContextLoaderDelegate from class [org.springframework.test.context.cache.DefaultCacheAwareContextLoaderDelegate]
15:56:23.463 [Test worker] DEBUG org.springframework.test.context.BootstrapUtils - Instantiating BootstrapContext using constructor [public org.springframework.test.context.support.DefaultBootstrapContext(java.lang.Class,org.springframework.test.context.CacheAwareContextLoaderDelegate)]
15:56:23.523 [Test worker] DEBUG org.springframework.test.context.BootstrapUtils - Instantiating TestContextBootstrapper for test class [br.com.hortifrete.HortiFreteApplicationTests] from class [org.springframework.boot.test.context.SpringBootTestContextBootstrapper]
15:56:23.548 [Test worker] INFO org.springframework.boot.test.context.SpringBootTestContextBootstrapper - Neither @ContextConfiguration nor @ContextHierarchy found for test class [br.com.hortifrete.HortiFreteApplicationTests], using SpringBootContextLoader
15:56:23.554 [Test worker] DEBUG org.springframework.test.context.support.AbstractContextLoader - Did not detect default resource location for test class [br.com.hortifrete.HortiFreteApplicationTests]: class path resource [br/com/hortifrete/HortiFreteApplicationTests-context.xml] does not exist
15:56:23.554 [Test worker] DEBUG org.springframework.test.context.support.AbstractContextLoader - Did not detect default resource location for test class [br.com.hortifrete.HortiFreteApplicationTests]: class path resource [br/com/hortifrete/HortiFreteApplicationTestsContext.groovy] does not exist
15:56:23.555 [Test worker] INFO org.springframework.test.context.support.AbstractContextLoader - Could not detect default resource locations for test class [br.com.hortifrete.HortiFreteApplicationTests]: no resource found for suffixes {-context.xml, Context.groovy}.
15:56:23.555 [Test worker] INFO org.springframework.test.context.support.AnnotationConfigContextLoaderUtils - Could not detect default configuration classes for test class [br.com.hortifrete.HortiFreteApplicationTests]: HortiFreteApplicationTests does not declare any static, non-private, non-final, nested classes annotated with @Configuration.
15:56:23.628 [Test worker] DEBUG org.springframework.test.context.support.ActiveProfilesUtils - Could not find an 'annotation declaring class' for annotation type [org.springframework.test.context.ActiveProfiles] and class [br.com.hortifrete.HortiFreteApplicationTests]
15:56:23.714 [Test worker] DEBUG org.springframework.context.annotation.ClassPathScanningCandidateComponentProvider - Identified candidate component class: file [/Users/diogenesr/projects/hortifrete/build/classes/kotlin/main/br/com/hortifrete/ServerApplication.class]
15:56:23.718 [Test worker] INFO org.springframework.boot.test.context.SpringBootTestContextBootstrapper - Found @SpringBootConfiguration br.com.hortifrete.ServerApplication for test class br.com.hortifrete.HortiFreteApplicationTests
15:56:23.830 [Test worker] DEBUG org.springframework.boot.test.context.SpringBootTestContextBootstrapper - @TestExecutionListeners is not present for class [br.com.hortifrete.HortiFreteApplicationTests]: using defaults.
15:56:23.831 [Test worker] INFO org.springframework.boot.test.context.SpringBootTestContextBootstrapper - Loaded default TestExecutionListener class names from location [META-INF/spring.factories]: [org.springframework.boot.test.autoconfigure.restdocs.RestDocsTestExecutionListener, org.springframework.boot.test.autoconfigure.web.client.MockRestServiceServerResetTestExecutionListener, org.springframework.boot.test.autoconfigure.web.servlet.MockMvcPrintOnlyOnFailureTestExecutionListener, org.springframework.boot.test.autoconfigure.web.servlet.WebDriverTestExecutionListener, org.springframework.boot.test.autoconfigure.webservices.client.MockWebServiceServerTestExecutionListener, org.springframework.boot.test.mock.mockito.MockitoTestExecutionListener, org.springframework.boot.test.mock.mockito.ResetMocksTestExecutionListener, org.springframework.test.context.web.ServletTestExecutionListener, org.springframework.test.context.support.DirtiesContextBeforeModesTestExecutionListener, org.springframework.test.context.event.ApplicationEventsTestExecutionListener, org.springframework.test.context.support.DependencyInjectionTestExecutionListener, org.springframework.test.context.support.DirtiesContextTestExecutionListener, org.springframework.test.context.transaction.TransactionalTestExecutionListener, org.springframework.test.context.jdbc.SqlScriptsTestExecutionListener, org.springframework.test.context.event.EventPublishingTestExecutionListener]
15:56:23.886 [Test worker] INFO org.springframework.boot.test.context.SpringBootTestContextBootstrapper - Using TestExecutionListeners: [org.springframework.test.context.web.ServletTestExecutionListener@1827a871, org.springframework.test.context.support.DirtiesContextBeforeModesTestExecutionListener@48e64352, org.springframework.test.context.event.ApplicationEventsTestExecutionListener@7249dadf, org.springframework.boot.test.mock.mockito.MockitoTestExecutionListener@4362d7df, org.springframework.boot.test.autoconfigure.SpringBootDependencyInjectionTestExecutionListener@66238be2, org.springframework.test.context.support.DirtiesContextTestExecutionListener@1c25b8a7, org.springframework.test.context.transaction.TransactionalTestExecutionListener@200606de, org.springframework.test.context.jdbc.SqlScriptsTestExecutionListener@750fe12e, org.springframework.test.context.event.EventPublishingTestExecutionListener@f8908f6, org.springframework.boot.test.autoconfigure.restdocs.RestDocsTestExecutionListener@3e587920, org.springframework.boot.test.autoconfigure.web.client.MockRestServiceServerResetTestExecutionListener@2ef8a8c3, org.springframework.boot.test.autoconfigure.web.servlet.MockMvcPrintOnlyOnFailureTestExecutionListener@24f43aa3, org.springframework.boot.test.autoconfigure.web.servlet.WebDriverTestExecutionListener@63fd4873, org.springframework.boot.test.autoconfigure.webservices.client.MockWebServiceServerTestExecutionListener@1e11bc55, org.springframework.boot.test.mock.mockito.ResetMocksTestExecutionListener@7544a1e4]
15:56:23.902 [Test worker] DEBUG org.springframework.test.context.support.AbstractDirtiesContextTestExecutionListener - Before test class: context [DefaultTestContext@51684e4a testClass = HortiFreteApplicationTests, testInstance = [null], testMethod = [null], testException = [null], mergedContextConfiguration = [WebMergedContextConfiguration@6ce1f601 testClass = HortiFreteApplicationTests, locations = '{}', classes = '{class br.com.hortifrete.ServerApplication}', contextInitializerClasses = '[]', activeProfiles = '{}', propertySourceLocations = '{}', propertySourceProperties = '{spring.mongodb.embedded.version=3.5.5, org.springframework.boot.test.context.SpringBootTestContextBootstrapper=true}', contextCustomizers = set[org.springframework.boot.test.autoconfigure.actuate.metrics.MetricsExportContextCustomizerFactory$DisableMetricExportContextCustomizer@4bd1f8dd, org.springframework.boot.test.autoconfigure.properties.PropertyMappingContextCustomizer@0, org.springframework.boot.test.autoconfigure.web.servlet.WebDriverContextCustomizerFactory$Customizer@246f8b8b, org.springframework.boot.test.context.filter.ExcludeFilterContextCustomizer@11981797, org.springframework.boot.test.json.DuplicateJsonObjectContextCustomizerFactory$DuplicateJsonObjectContextCustomizer@5b1f29fa, org.springframework.boot.test.mock.mockito.MockitoContextCustomizer@0, org.springframework.boot.test.web.client.TestRestTemplateContextCustomizer@3eeb318f, org.springframework.boot.test.context.SpringBootTestArgs@1, org.springframework.boot.test.context.SpringBootTestWebEnvironment@9816741], resourceBasePath = 'src/main/webapp', contextLoader = 'org.springframework.boot.test.context.SpringBootContextLoader', parent = [null]], attributes = map['org.springframework.test.context.web.ServletTestExecutionListener.activateListener' -> true]], class annotated with @DirtiesContext [false] with mode [null].

  .   ____          _            __ _ _
 /\\ / ___'_ __ _ _(_)_ __  __ _ \ \ \ \
( ( )\___ | '_ | '_| | '_ \/ _` | \ \ \ \
 \\/  ___)| |_)| | | | | || (_| |  ) ) ) )
  '  |____| .__|_| |_|_| |_\__, | / / / /
 =========|_|==============|___/=/_/_/_/
 :: Spring Boot ::                (v2.6.5)

2022-04-05 15:56:24.529  INFO 28547 --- [    Test worker] b.c.h.HortiFreteApplicationTests         : Starting HortiFreteApplicationTests using Java 11.0.12 on N093165.local with PID 28547 (started by diogenesr in /Users/diogenesr/projects/hortifrete)
2022-04-05 15:56:24.533  INFO 28547 --- [    Test worker] b.c.h.HortiFreteApplicationTests         : No active profile set, falling back to 1 default profile: "default"
2022-04-05 15:56:25.573  INFO 28547 --- [    Test worker] .s.d.r.c.RepositoryConfigurationDelegate : Bootstrapping Spring Data MongoDB repositories in DEFAULT mode.
2022-04-05 15:56:25.656  INFO 28547 --- [    Test worker] .s.d.r.c.RepositoryConfigurationDelegate : Finished Spring Data repository scanning in 78 ms. Found 2 MongoDB repository interfaces.
2022-04-05 15:56:28.709  INFO 28547 --- [       Thread-4] o.s.b.a.mongo.embedded.EmbeddedMongo     : note: noprealloc may hurt performance in many applications
2022-04-05 15:56:28.712  INFO 28547 --- [       Thread-4] o.s.b.a.mongo.embedded.EmbeddedMongo     : 2022-04-05T15:56:28.709-0300 I CONTROL  [main] machdep.cpu.extfeatures unavailable
2022-04-05 15:56:28.715  INFO 28547 --- [       Thread-4] o.s.b.a.mongo.embedded.EmbeddedMongo     : 2022-04-05T15:56:28.714-0300 I CONTROL  [initandlisten] MongoDB starting : pid=28549 port=27017 dbpath=/var/folders/0k/2smgrrh120x3rktw4mjg8l0c28b6jz/T/embedmongo-db-c11565b4-2ee5-4848-a4c2-e20badfc59ba 64-bit host=N093165.local
2022-04-05 15:56:28.715  INFO 28547 --- [       Thread-4] o.s.b.a.mongo.embedded.EmbeddedMongo     : 2022-04-05T15:56:28.714-0300 I CONTROL  [initandlisten] db version v3.5.5
2022-04-05 15:56:28.716  INFO 28547 --- [       Thread-4] o.s.b.a.mongo.embedded.EmbeddedMongo     : 2022-04-05T15:56:28.714-0300 I CONTROL  [initandlisten] git version: 98515c812b6fa893613f063dae568ff8319cbfbd
2022-04-05 15:56:28.716  INFO 28547 --- [       Thread-4] o.s.b.a.mongo.embedded.EmbeddedMongo     : 2022-04-05T15:56:28.714-0300 I CONTROL  [initandlisten] allocator: system
2022-04-05 15:56:28.716  INFO 28547 --- [       Thread-4] o.s.b.a.mongo.embedded.EmbeddedMongo     : 2022-04-05T15:56:28.714-0300 I CONTROL  [initandlisten] modules: none
2022-04-05 15:56:28.716  INFO 28547 --- [       Thread-4] o.s.b.a.mongo.embedded.EmbeddedMongo     : 2022-04-05T15:56:28.714-0300 I CONTROL  [initandlisten] build environment:
2022-04-05 15:56:28.716  INFO 28547 --- [       Thread-4] o.s.b.a.mongo.embedded.EmbeddedMongo     : 2022-04-05T15:56:28.714-0300 I CONTROL  [initandlisten]     distarch: x86_64
2022-04-05 15:56:28.716  INFO 28547 --- [       Thread-4] o.s.b.a.mongo.embedded.EmbeddedMongo     : 2022-04-05T15:56:28.714-0300 I CONTROL  [initandlisten]     target_arch: x86_64
2022-04-05 15:56:28.717  INFO 28547 --- [       Thread-4] o.s.b.a.mongo.embedded.EmbeddedMongo     : 2022-04-05T15:56:28.715-0300 I CONTROL  [initandlisten] options: { net: { bindIp: "127.0.0.1", http: { enabled: false }, port: 27017 }, security: { authorization: "disabled" }, storage: { dbPath: "/var/folders/0k/2smgrrh120x3rktw4mjg8l0c28b6jz/T/embedmongo-db-c11565b4-2ee5-4848-a4c2-e20badfc59ba", journal: { enabled: false }, mmapv1: { preallocDataFiles: false, smallFiles: true }, syncPeriodSecs: 0.0 } }
2022-04-05 15:56:28.718  INFO 28547 --- [       Thread-4] o.s.b.a.mongo.embedded.EmbeddedMongo     : 2022-04-05T15:56:28.716-0300 I STORAGE  [initandlisten] wiredtiger_open config: create,cache_size=7680M,session_max=20000,eviction=(threads_min=4,threads_max=4),config_base=false,statistics=(fast),log=(enabled=true,archive=true,path=journal,compressor=snappy),file_manager=(close_idle_time=100000),checkpoint=(wait=0,log_size=2GB),statistics_log=(wait=0),verbose=(recovery_progress),,log=(enabled=false),
2022-04-05 15:56:29.146  INFO 28547 --- [       Thread-4] o.s.b.a.mongo.embedded.EmbeddedMongo     : 2022-04-05T15:56:29.144-0300 W STORAGE  [initandlisten] Detected configuration for non-active storage engine mmapv1 when current storage engine is wiredTiger
2022-04-05 15:56:29.147  INFO 28547 --- [       Thread-4] o.s.b.a.mongo.embedded.EmbeddedMongo     : 2022-04-05T15:56:29.144-0300 I CONTROL  [initandlisten] 
2022-04-05 15:56:29.148  INFO 28547 --- [       Thread-4] o.s.b.a.mongo.embedded.EmbeddedMongo     : 2022-04-05T15:56:29.144-0300 I CONTROL  [initandlisten] ** NOTE: This is a development version (3.5.5) of MongoDB.
2022-04-05 15:56:29.148  INFO 28547 --- [       Thread-4] o.s.b.a.mongo.embedded.EmbeddedMongo     : 2022-04-05T15:56:29.144-0300 I CONTROL  [initandlisten] **       Not recommended for production.
2022-04-05 15:56:29.148  INFO 28547 --- [       Thread-4] o.s.b.a.mongo.embedded.EmbeddedMongo     : 2022-04-05T15:56:29.144-0300 I CONTROL  [initandlisten] 
2022-04-05 15:56:29.320  INFO 28547 --- [       Thread-4] o.s.b.a.mongo.embedded.EmbeddedMongo     : 2022-04-05T15:56:29.320-0300 I FTDC     [initandlisten] Initializing full-time diagnostic data capture with directory '/var/folders/0k/2smgrrh120x3rktw4mjg8l0c28b6jz/T/embedmongo-db-c11565b4-2ee5-4848-a4c2-e20badfc59ba/diagnostic.data'
2022-04-05 15:56:29.589  INFO 28547 --- [       Thread-4] o.s.b.a.mongo.embedded.EmbeddedMongo     : 2022-04-05T15:56:29.589-0300 I INDEX    [initandlisten] build index on: admin.system.version properties: { v: 2, key: { version: 1 }, name: "incompatible_with_version_32", ns: "admin.system.version" }
2022-04-05 15:56:29.590  INFO 28547 --- [       Thread-4] o.s.b.a.mongo.embedded.EmbeddedMongo     : 2022-04-05T15:56:29.589-0300 I INDEX    [initandlisten] 	 building index using bulk method; build may temporarily use up to 500 megabytes of RAM
2022-04-05 15:56:29.611  INFO 28547 --- [       Thread-4] o.s.b.a.mongo.embedded.EmbeddedMongo     : 2022-04-05T15:56:29.610-0300 I INDEX    [initandlisten] build index done.  scanned 0 total records. 0 secs
2022-04-05 15:56:29.613  INFO 28547 --- [       Thread-4] o.s.b.a.mongo.embedded.EmbeddedMongo     : 2022-04-05T15:56:29.611-0300 I COMMAND  [initandlisten] setting featureCompatibilityVersion to 3.4
2022-04-05 15:56:29.614  INFO 28547 --- [       Thread-4] o.s.b.a.mongo.embedded.EmbeddedMongo     : 2022-04-05T15:56:29.612-0300 I NETWORK  [thread1] waiting for connections on port 27017
2022-04-05 15:56:29.615  INFO 28547 --- [    Test worker] d.f.embed.mongo.MongodExecutable         : start MongodConfig{version=Version{3.5.5}, timeout=de.flapdoodle.embed.mongo.config.Timeout@18d003cd, net=de.flapdoodle.embed.mongo.config.Net@3135bf25, cmdOptions=MongoCmdOptions{syncDelay=0, useDefaultSyncDelay=false, isVerbose=false, useNoPrealloc=true, useSmallFiles=true, useNoJournal=true, enableTextSearch=false, auth=false, master=false}, password=, userName=, replication=de.flapdoodle.embed.mongo.config.Storage@22ad1bae, isConfigServer=false, isShardServer=false, processListener=de.flapdoodle.embed.mongo.config.processlistener.NoopProcessListener@4116f66a, params={}, args={}, pidFile=mongod.pid, supportConfig=de.flapdoodle.embed.mongo.config.SupportConfig@59c04bee}
2022-04-05 15:56:29.723  INFO 28547 --- [    Test worker] org.mongodb.driver.cluster               : Cluster created with settings {hosts=[localhost:27017], mode=SINGLE, requiredClusterType=UNKNOWN, serverSelectionTimeout='30000 ms'}
2022-04-05 15:56:29.824  INFO 28547 --- [       Thread-4] o.s.b.a.mongo.embedded.EmbeddedMongo     : 2022-04-05T15:56:29.823-0300 I NETWORK  [thread1] connection accepted from 127.0.0.1:62075 #1 (1 connection now open)
2022-04-05 15:56:29.827  INFO 28547 --- [       Thread-4] o.s.b.a.mongo.embedded.EmbeddedMongo     : 2022-04-05T15:56:29.823-0300 I NETWORK  [thread1] connection accepted from 127.0.0.1:62076 #2 (2 connections now open)
2022-04-05 15:56:29.842  INFO 28547 --- [       Thread-4] o.s.b.a.mongo.embedded.EmbeddedMongo     : 2022-04-05T15:56:29.840-0300 I NETWORK  [conn1] received client metadata from 127.0.0.1:62075 conn1: { driver: { name: "mongo-java-driver|sync|spring-boot", version: "4.4.2" }, os: { type: "Darwin", name: "Mac OS X", architecture: "x86_64", version: "11.5" }, platform: "Java/Oracle Corporation/11.0.12+8-LTS-237" }
2022-04-05 15:56:29.844  INFO 28547 --- [       Thread-4] o.s.b.a.mongo.embedded.EmbeddedMongo     : 2022-04-05T15:56:29.840-0300 I NETWORK  [conn2] received client metadata from 127.0.0.1:62076 conn2: { driver: { name: "mongo-java-driver|sync|spring-boot", version: "4.4.2" }, os: { type: "Darwin", name: "Mac OS X", architecture: "x86_64", version: "11.5" }, platform: "Java/Oracle Corporation/11.0.12+8-LTS-237" }
2022-04-05 15:56:29.863  INFO 28547 --- [localhost:27017] org.mongodb.driver.connection            : Opened connection [connectionId{localValue:2, serverValue:1}] to localhost:27017
2022-04-05 15:56:29.863  INFO 28547 --- [localhost:27017] org.mongodb.driver.connection            : Opened connection [connectionId{localValue:1, serverValue:2}] to localhost:27017
2022-04-05 15:56:29.867  INFO 28547 --- [localhost:27017] org.mongodb.driver.cluster               : Monitor thread successfully connected to server with description ServerDescription{address=localhost:27017, type=STANDALONE, state=CONNECTED, ok=true, minWireVersion=0, maxWireVersion=5, maxDocumentSize=16777216, logicalSessionTimeoutMinutes=null, roundTripTimeNanos=29735500}
2022-04-05 15:56:31.717  INFO 28547 --- [    Test worker] b.c.h.HortiFreteApplicationTests         : Started HortiFreteApplicationTests in 7.725 seconds (JVM running for 9.615)
]]></system-out>
  <system-err><![CDATA[]]></system-err>
</testsuite>
